#
# There is insufficient memory for the Java Runtime Environment to continue.
# Native memory allocation (malloc) failed to allocate 1052096 bytes for Chunk::new
# Possible reasons:
#   The system is out of physical RAM or swap space
#   The process is running with CompressedOops enabled, and the Java Heap may be blocking the growth of the native heap
# Possible solutions:
#   Reduce memory load on the system
#   Increase physical memory or swap space
#   Check if swap backing store is full
#   Decrease Java heap size (-Xmx/-Xms)
#   Decrease number of Java threads
#   Decrease Java thread stack sizes (-Xss)
#   Set larger code cache with -XX:ReservedCodeCacheSize=
#   JVM is running with Unscaled Compressed Oops mode in which the Java heap is
#     placed in the first 4GB address space. The Java Heap base address is the
#     maximum limit for the native heap growth. Please use -XX:HeapBaseMinAddress
#     to set the Java Heap base and to place the Java Heap above 4GB virtual address.
# This output file may be truncated or incomplete.
#
#  Out of Memory Error (allocation.cpp:389), pid=12024, tid=0x0000000000001d18
#
# JRE version: OpenJDK Runtime Environment (8.0_202-b03) (build 1.8.0_202-release-1483-b03)
# Java VM: OpenJDK 64-Bit Server VM (25.202-b03 mixed mode windows-amd64 compressed oops)
# Failed to write core dump. Minidumps are not enabled by default on client versions of Windows
#

---------------  T H R E A D  ---------------

Current thread (0x000000001667c000):  JavaThread "C2 CompilerThread1" daemon [_thread_in_native, id=7448, stack(0x00000000194d0000,0x00000000195d0000)]

Stack: [0x00000000194d0000,0x00000000195d0000]
[error occurred during error reporting (printing stack bounds), id 0xc0000005]

Native frames: (J=compiled Java code, j=interpreted, Vv=VM code, C=native code)


Current CompileTask:
C2:16536367 33862       4       com.android.tools.r8.graph.DexDebugEventBuilder::a (1005 bytes)


---------------  P R O C E S S  ---------------

Java Threads: ( => current thread )
  0x00000000296d3800 JavaThread "WorkerExecutor Queue Thread 9" [_thread_blocked, id=16612, stack(0x0000000070a50000,0x0000000070b50000)]
  0x00000000296cd800 JavaThread "stdout" [_thread_in_native, id=7720, stack(0x0000000070950000,0x0000000070a50000)]
  0x00000000296cc800 JavaThread "stderr" [_thread_in_native, id=1464, stack(0x0000000070850000,0x0000000070950000)]
  0x00000000296c7800 JavaThread "stdout" [_thread_in_native, id=4860, stack(0x0000000070750000,0x0000000070850000)]
  0x00000000296cc000 JavaThread "stderr" [_thread_in_native, id=7512, stack(0x0000000070650000,0x0000000070750000)]
  0x00000000296c9800 JavaThread "stdout" [_thread_in_native, id=13988, stack(0x0000000070550000,0x0000000070650000)]
  0x00000000296cb000 JavaThread "stderr" [_thread_in_native, id=14056, stack(0x0000000070450000,0x0000000070550000)]
  0x00000000296ca800 JavaThread "stdout" [_thread_in_native, id=1972, stack(0x0000000070350000,0x0000000070450000)]
  0x000000001a606000 JavaThread "stderr" [_thread_in_native, id=1888, stack(0x0000000070250000,0x0000000070350000)]
  0x0000000019da6000 JavaThread "stdout" [_thread_in_native, id=5092, stack(0x0000000070150000,0x0000000070250000)]
  0x0000000019da4800 JavaThread "stderr" [_thread_in_native, id=9644, stack(0x0000000070050000,0x0000000070150000)]
  0x0000000019da3800 JavaThread "stdout" [_thread_in_native, id=9060, stack(0x000000006ff50000,0x0000000070050000)]
  0x0000000019daa800 JavaThread "stderr" [_thread_in_native, id=5760, stack(0x000000006fe50000,0x000000006ff50000)]
  0x0000000019da9800 JavaThread "stdout" [_thread_in_native, id=15768, stack(0x000000006fd50000,0x000000006fe50000)]
  0x0000000024951800 JavaThread "stderr" [_thread_in_native, id=1804, stack(0x000000006fc50000,0x000000006fd50000)]
  0x0000000024950000 JavaThread "stdout" [_thread_in_native, id=15576, stack(0x000000006fb50000,0x000000006fc50000)]
  0x000000002494f000 JavaThread "stderr" [_thread_in_native, id=14560, stack(0x000000006fa50000,0x000000006fb50000)]
  0x000000002494e800 JavaThread "WorkerExecutor Queue Thread 8" [_thread_blocked, id=7172, stack(0x000000006f950000,0x000000006fa50000)]
  0x0000000024947000 JavaThread "WorkerExecutor Queue Thread 7" [_thread_blocked, id=13524, stack(0x000000006f850000,0x000000006f950000)]
  0x000000002494d000 JavaThread "WorkerExecutor Queue Thread 6" [_thread_blocked, id=7872, stack(0x000000006f750000,0x000000006f850000)]
  0x0000000024945800 JavaThread "WorkerExecutor Queue Thread 5" [_thread_blocked, id=3780, stack(0x000000006f650000,0x000000006f750000)]
  0x000000002494a800 JavaThread "WorkerExecutor Queue Thread 4" [_thread_blocked, id=13616, stack(0x000000006f550000,0x000000006f650000)]
  0x0000000024947800 JavaThread "pool-50-thread-1" [_thread_blocked, id=7868, stack(0x000000006f450000,0x000000006f550000)]
  0x0000000024943000 JavaThread "WorkerExecutor Queue Thread 3" [_thread_blocked, id=7480, stack(0x000000006f350000,0x000000006f450000)]
  0x000000002494a000 JavaThread "WorkerExecutor Queue Thread 2" [_thread_blocked, id=8248, stack(0x000000006f250000,0x000000006f350000)]
  0x0000000024946000 JavaThread "WorkerExecutor Queue" [_thread_blocked, id=14460, stack(0x000000006f150000,0x000000006f250000)]
  0x000000001db49800 JavaThread "Cache worker for execution history cache (C:\Users\Admin\Desktop\NotForgot\Mobile-LaboratoryProject2\.gradle\5.4.1\executionHistory)" [_thread_blocked, id=16004, stack(0x000000006f050000,0x000000006f150000)]
  0x000000001db45800 JavaThread "Execution worker for ':' Thread 11" [_thread_blocked, id=14360, stack(0x000000006ef50000,0x000000006f050000)]
  0x000000001db4c000 JavaThread "Execution worker for ':' Thread 10" [_thread_blocked, id=8752, stack(0x000000006ee50000,0x000000006ef50000)]
  0x000000001db46800 JavaThread "Execution worker for ':' Thread 9" [_thread_blocked, id=14116, stack(0x000000006ed50000,0x000000006ee50000)]
  0x000000001db49000 JavaThread "Execution worker for ':' Thread 8" [_thread_blocked, id=10168, stack(0x000000006ec50000,0x000000006ed50000)]
  0x000000001db4b000 JavaThread "Execution worker for ':' Thread 7" [_thread_blocked, id=9228, stack(0x000000006eb50000,0x000000006ec50000)]
  0x000000001db3f000 JavaThread "Execution worker for ':' Thread 6" [_thread_blocked, id=13940, stack(0x000000006ea50000,0x000000006eb50000)]
  0x000000001db42000 JavaThread "Execution worker for ':' Thread 5" [_thread_blocked, id=4768, stack(0x000000006e950000,0x000000006ea50000)]
  0x000000001db45000 JavaThread "Execution worker for ':' Thread 4" [_thread_blocked, id=6412, stack(0x000000006e850000,0x000000006e950000)]
  0x000000001db44000 JavaThread "Execution worker for ':' Thread 3" [_thread_blocked, id=12044, stack(0x000000006e750000,0x000000006e850000)]
  0x000000001db43800 JavaThread "Execution worker for ':' Thread 2" [_thread_blocked, id=13012, stack(0x000000006e650000,0x000000006e750000)]
  0x000000001db3f800 JavaThread "Execution worker for ':'" [_thread_blocked, id=3056, stack(0x000000006e550000,0x000000006e650000)]
  0x000000001a60c800 JavaThread "Cache worker for file content cache (C:\Users\Admin\Desktop\NotForgot\Mobile-LaboratoryProject2\.gradle\5.4.1\fileContent)" [_thread_blocked, id=5960, stack(0x000000006e450000,0x000000006e550000)]
  0x000000001a605000 JavaThread "Cache worker for Build Output Cleanup Cache (C:\Users\Admin\Desktop\NotForgot\Mobile-LaboratoryProject2\.gradle\buildOutputCleanup)" [_thread_blocked, id=17108, stack(0x000000006e350000,0x000000006e450000)]
  0x000000001a60b000 JavaThread "Build operations Thread 12" [_thread_blocked, id=13028, stack(0x000000006e250000,0x000000006e350000)]
  0x000000001a60c000 JavaThread "Build operations Thread 11" [_thread_blocked, id=13720, stack(0x000000006e150000,0x000000006e250000)]
  0x000000001a60a800 JavaThread "Build operations Thread 10" [_thread_blocked, id=16172, stack(0x000000006e050000,0x000000006e150000)]
  0x000000001a609800 JavaThread "Build operations Thread 9" [_thread_blocked, id=9980, stack(0x000000006df50000,0x000000006e050000)]
  0x000000001a603800 JavaThread "Build operations Thread 8" [_thread_blocked, id=16824, stack(0x000000006de50000,0x000000006df50000)]
  0x000000001a601800 JavaThread "Build operations Thread 7" [_thread_blocked, id=1028, stack(0x000000006dd50000,0x000000006de50000)]
  0x000000001a600800 JavaThread "Build operations Thread 6" [_thread_blocked, id=10624, stack(0x000000006dc50000,0x000000006dd50000)]
  0x000000001a607800 JavaThread "Build operations Thread 5" [_thread_blocked, id=2268, stack(0x000000006db50000,0x000000006dc50000)]
  0x000000001a5ff000 JavaThread "Build operations Thread 4" [_thread_blocked, id=15544, stack(0x000000006da50000,0x000000006db50000)]
  0x000000001a603000 JavaThread "Build operations Thread 3" [_thread_blocked, id=2180, stack(0x000000006d950000,0x000000006da50000)]
  0x00000000201bb000 JavaThread "Build operations Thread 2" [_thread_blocked, id=8760, stack(0x000000006d850000,0x000000006d950000)]
  0x00000000201b9800 JavaThread "Build operations" [_thread_blocked, id=16504, stack(0x000000006d750000,0x000000006d850000)]
  0x00000000201bb800 JavaThread "Cache worker for cache directory md-rule (C:\Users\Admin\.gradle\caches\5.4.1\md-rule)" [_thread_blocked, id=11272, stack(0x000000006d650000,0x000000006d750000)]
  0x00000000201b8800 JavaThread "Cache worker for cache directory md-supplier (C:\Users\Admin\.gradle\caches\5.4.1\md-supplier)" [_thread_blocked, id=4196, stack(0x000000006d550000,0x000000006d650000)]
  0x00000000201b6800 JavaThread "Cache worker for file hash cache (C:\Users\Admin\Desktop\NotForgot\Mobile-LaboratoryProject2\.gradle\5.4.1\fileHashes)" [_thread_blocked, id=9464, stack(0x000000006d450000,0x000000006d550000)]
  0x00000000201b7000 JavaThread "Thread-872" [_thread_blocked, id=12160, stack(0x000000006d350000,0x000000006d450000)]
  0x00000000201af800 JavaThread "Stdin handler" [_thread_blocked, id=15736, stack(0x000000006d250000,0x000000006d350000)]
  0x00000000201af000 JavaThread "Asynchronous log dispatcher for DefaultDaemonConnection: socket connection from /127.0.0.1:27794 to /127.0.0.1:32157" [_thread_blocked, id=14004, stack(0x000000006d150000,0x000000006d250000)]
  0x00000000201b2800 JavaThread "Daemon worker Thread 15" [_thread_blocked, id=5500, stack(0x000000006d050000,0x000000006d150000)]
  0x00000000201b4000 JavaThread "Cancel handler" [_thread_blocked, id=13820, stack(0x000000006cf50000,0x000000006d050000)]
  0x00000000201b5800 JavaThread "Handler for socket connection from /127.0.0.1:27794 to /127.0.0.1:32157" [_thread_in_native, id=12632, stack(0x000000006ce50000,0x000000006cf50000)]
  0x00000000201b0800 JavaThread "Daemon Thread 15" [_thread_blocked, id=10392, stack(0x000000006cd50000,0x000000006ce50000)]
  0x000000002494c000 JavaThread "Cache worker for Java compile cache (C:\Users\Admin\.gradle\caches\5.4.1\javaCompile)" [_thread_blocked, id=3436, stack(0x000000002bf80000,0x000000002c080000)]
  0x0000000024944000 JavaThread "RMI TCP Accept-0" daemon [_thread_in_native, id=12600, stack(0x000000002abb0000,0x000000002acb0000)]
  0x0000000024949000 JavaThread "RMI Scheduler(0)" daemon [_thread_blocked, id=13452, stack(0x000000002a8b0000,0x000000002a9b0000)]
  0x000000001db41000 JavaThread "Cache worker for file content cache (C:\Users\Admin\.gradle\caches\5.4.1\fileContent)" [_thread_blocked, id=16332, stack(0x0000000028eb0000,0x0000000028fb0000)]
  0x000000001db4e000 JavaThread "Memory manager" [_thread_blocked, id=6580, stack(0x0000000025fe0000,0x00000000260e0000)]
  0x000000001db42800 JavaThread "Cache worker for execution history cache (C:\Users\Admin\.gradle\caches\5.4.1\executionHistory)" [_thread_blocked, id=13340, stack(0x0000000022b10000,0x0000000022c10000)]
  0x0000000019da8000 JavaThread "Cache worker for journal cache (C:\Users\Admin\.gradle\caches\journal-1)" [_thread_blocked, id=2540, stack(0x000000001d700000,0x000000001d800000)]
  0x0000000019da5000 JavaThread "File lock request listener" [_thread_in_native, id=14144, stack(0x000000001d600000,0x000000001d700000)]
  0x000000001abc3000 JavaThread "Cache worker for file hash cache (C:\Users\Admin\.gradle\caches\5.4.1\fileHashes)" [_thread_blocked, id=13016, stack(0x000000001d500000,0x000000001d600000)]
  0x000000001a4d8000 JavaThread "Daemon periodic checks" [_thread_blocked, id=10864, stack(0x000000001ba30000,0x000000001bb30000)]
  0x0000000019ccb800 JavaThread "Incoming local TCP Connector on port 27794" [_thread_in_native, id=10572, stack(0x000000001b7e0000,0x000000001b8e0000)]
  0x000000001ad43800 JavaThread "Daemon health stats" [_thread_blocked, id=16996, stack(0x000000001b1a0000,0x000000001b2a0000)]
  0x0000000017e0d800 JavaThread "Service Thread" daemon [_thread_blocked, id=8548, stack(0x00000000197d0000,0x00000000198d0000)]
  0x0000000017d8e000 JavaThread "C1 CompilerThread3" daemon [_thread_blocked, id=13652, stack(0x00000000196d0000,0x00000000197d0000)]
  0x0000000017d8d800 JavaThread "C2 CompilerThread2" daemon [_thread_in_native, id=11888, stack(0x00000000195d0000,0x00000000196d0000)]
=>0x000000001667c000 JavaThread "C2 CompilerThread1" daemon [_thread_in_native, id=7448, stack(0x00000000194d0000,0x00000000195d0000)]
  0x0000000017d7f000 JavaThread "C2 CompilerThread0" daemon [_thread_in_native, id=1824, stack(0x00000000193d0000,0x00000000194d0000)]
  0x0000000017d7e000 JavaThread "Attach Listener" daemon [_thread_blocked, id=7620, stack(0x00000000192d0000,0x00000000193d0000)]
  0x0000000017d7d000 JavaThread "Signal Dispatcher" daemon [_thread_blocked, id=2700, stack(0x00000000191d0000,0x00000000192d0000)]
  0x00000000026ae000 JavaThread "Finalizer" daemon [_thread_blocked, id=13636, stack(0x0000000018fd0000,0x00000000190d0000)]
  0x0000000017d63000 JavaThread "Reference Handler" daemon [_thread_blocked, id=9968, stack(0x0000000018ed0000,0x0000000018fd0000)]
  0x000000000236e800 JavaThread "main" [_thread_blocked, id=14216, stack(0x00000000024b0000,0x00000000025b0000)]

Other Threads:
  0x0000000016666000 VMThread [stack: 0x0000000018dd0000,0x0000000018ed0000] [id=11880]
  0x0000000017e0e000 WatcherThread [stack: 0x00000000198d0000,0x00000000199d0000] [id=13136]

VM state:not at safepoint (normal execution)

VM Mutex/Monitor currently owned by a thread: None

heap address: 0x00000000a0000000, size: 1536 MB, Compressed Oops mode: 32-bit
Narrow klass base: 0x0000000000000000, Narrow klass shift: 3
Compressed class space size: 1073741824 Address: 0x0000000100000000

Heap:
 PSYoungGen      total 342016K, used 162298K [0x00000000e0000000, 0x00000000f8380000, 0x0000000100000000)
  eden space 290304K, 53% used [0x00000000e0000000,0x00000000e969c2e8,0x00000000f1b80000)
  from space 51712K, 15% used [0x00000000f5100000,0x00000000f58e2518,0x00000000f8380000)
  to   space 53248K, 0% used [0x00000000f1b80000,0x00000000f1b80000,0x00000000f4f80000)
 ParOldGen       total 270848K, used 119093K [0x00000000a0000000, 0x00000000b0880000, 0x00000000e0000000)
  object space 270848K, 43% used [0x00000000a0000000,0x00000000a744d7c0,0x00000000b0880000)
 Metaspace       used 142900K, capacity 152762K, committed 153304K, reserved 1183744K
  class space    used 18067K, capacity 19800K, committed 19968K, reserved 1048576K

Card table byte_map: [0x0000000011a70000,0x0000000011d80000] byte_map_base: 0x0000000011570000

Marking Bits: (ParMarkBitMap*) 0x00000000566c9f30
 Begin Bits: [0x0000000012980000, 0x0000000014180000)
 End Bits:   [0x0000000014180000, 0x0000000015980000)

Polling page: 0x00000000001e0000

CodeCache: size=245760Kb used=97815Kb max_used=97815Kb free=147944Kb
 bounds [0x00000000026b0000, 0x00000000086c0000, 0x00000000116b0000]
 total_blobs=27745 nmethods=26796 adapters=859
 compilation: enabled

Compilation events (10 events):
Event: 16536.275 Thread 0x0000000017d8e000 34296       1       com.android.tools.r8.code.q0::getOpcode (4 bytes)
Event: 16536.275 Thread 0x0000000017d8e000 nmethod 34296 0x00000000086bf210 code [0x00000000086bf360, 0x00000000086bf470]
Event: 16536.275 Thread 0x0000000017d8e000 34291       1       com.android.tools.r8.code.ReturnWide::getOpcode (3 bytes)
Event: 16536.275 Thread 0x0000000017d8e000 nmethod 34291 0x00000000086bf4d0 code [0x00000000086bf620, 0x00000000086bf730]
Event: 16536.275 Thread 0x0000000017d8e000 34295       1       com.android.tools.r8.code.IfLt::getOpcode (3 bytes)
Event: 16536.275 Thread 0x0000000017d8e000 nmethod 34295 0x00000000086bf790 code [0x00000000086bf8e0, 0x00000000086bf9f0]
Event: 16536.275 Thread 0x0000000017d8e000 34286       1       com.android.tools.r8.code.IfLtz::getOpcode (3 bytes)
Event: 16536.275 Thread 0x0000000017d8e000 nmethod 34286 0x00000000086bfa50 code [0x00000000086bfba0, 0x00000000086bfcb0]
Event: 16536.275 Thread 0x0000000017d8e000 34283       1       com.android.tools.r8.code.l0::getOpcode (3 bytes)
Event: 16536.275 Thread 0x0000000017d8e000 nmethod 34283 0x00000000086bfd10 code [0x00000000086bfe60, 0x00000000086bff70]

GC Heap History (10 events):
Event: 16535.044 GC heap before
{Heap before GC invocations=87 (full 6):
 PSYoungGen      total 292864K, used 276734K [0x00000000e0000000, 0x00000000f5400000, 0x0000000100000000)
  eden space 239616K, 100% used [0x00000000e0000000,0x00000000eea00000,0x00000000eea00000)
  from space 53248K, 69% used [0x00000000f2000000,0x00000000f443f900,0x00000000f5400000)
  to   space 54272K, 0% used [0x00000000eea00000,0x00000000eea00000,0x00000000f1f00000)
 ParOldGen       total 148480K, used 129279K [0x00000000a0000000, 0x00000000a9100000, 0x00000000e0000000)
  object space 148480K, 87% used [0x00000000a0000000,0x00000000a7e3ff38,0x00000000a9100000)
 Metaspace       used 142416K, capacity 152734K, committed 153048K, reserved 1181696K
  class space    used 18125K, capacity 19860K, committed 19968K, reserved 1048576K
Event: 16535.057 GC heap after
Heap after GC invocations=87 (full 6):
 PSYoungGen      total 293888K, used 30514K [0x00000000e0000000, 0x00000000f6700000, 0x0000000100000000)
  eden space 239616K, 0% used [0x00000000e0000000,0x00000000e0000000,0x00000000eea00000)
  from space 54272K, 56% used [0x00000000eea00000,0x00000000f07cc900,0x00000000f1f00000)
  to   space 52224K, 0% used [0x00000000f3400000,0x00000000f3400000,0x00000000f6700000)
 ParOldGen       total 148480K, used 134484K [0x00000000a0000000, 0x00000000a9100000, 0x00000000e0000000)
  object space 148480K, 90% used [0x00000000a0000000,0x00000000a8355200,0x00000000a9100000)
 Metaspace       used 142416K, capacity 152734K, committed 153048K, reserved 1181696K
  class space    used 18125K, capacity 19860K, committed 19968K, reserved 1048576K
}
Event: 16535.242 GC heap before
{Heap before GC invocations=88 (full 6):
 PSYoungGen      total 293888K, used 270126K [0x00000000e0000000, 0x00000000f6700000, 0x0000000100000000)
  eden space 239616K, 99% used [0x00000000e0000000,0x00000000ee9ff1b0,0x00000000eea00000)
  from space 54272K, 56% used [0x00000000eea00000,0x00000000f07cc900,0x00000000f1f00000)
  to   space 52224K, 0% used [0x00000000f3400000,0x00000000f3400000,0x00000000f6700000)
 ParOldGen       total 148480K, used 134484K [0x00000000a0000000, 0x00000000a9100000, 0x00000000e0000000)
  object space 148480K, 90% used [0x00000000a0000000,0x00000000a8355200,0x00000000a9100000)
 Metaspace       used 142552K, capacity 152888K, committed 153048K, reserved 1181696K
  class space    used 18128K, capacity 19865K, committed 19968K, reserved 1048576K
Event: 16535.252 GC heap after
Heap after GC invocations=88 (full 6):
 PSYoungGen      total 314368K, used 25166K [0x00000000e0000000, 0x00000000f6500000, 0x0000000100000000)
  eden space 264192K, 0% used [0x00000000e0000000,0x00000000e0000000,0x00000000f0200000)
  from space 50176K, 50% used [0x00000000f3400000,0x00000000f4c938f0,0x00000000f6500000)
  to   space 50688K, 0% used [0x00000000f0200000,0x00000000f0200000,0x00000000f3380000)
 ParOldGen       total 148480K, used 138314K [0x00000000a0000000, 0x00000000a9100000, 0x00000000e0000000)
  object space 148480K, 93% used [0x00000000a0000000,0x00000000a8712a60,0x00000000a9100000)
 Metaspace       used 142552K, capacity 152888K, committed 153048K, reserved 1181696K
  class space    used 18128K, capacity 19865K, committed 19968K, reserved 1048576K
}
Event: 16535.252 GC heap before
{Heap before GC invocations=89 (full 7):
 PSYoungGen      total 314368K, used 25166K [0x00000000e0000000, 0x00000000f6500000, 0x0000000100000000)
  eden space 264192K, 0% used [0x00000000e0000000,0x00000000e0000000,0x00000000f0200000)
  from space 50176K, 50% used [0x00000000f3400000,0x00000000f4c938f0,0x00000000f6500000)
  to   space 50688K, 0% used [0x00000000f0200000,0x00000000f0200000,0x00000000f3380000)
 ParOldGen       total 148480K, used 138314K [0x00000000a0000000, 0x00000000a9100000, 0x00000000e0000000)
  object space 148480K, 93% used [0x00000000a0000000,0x00000000a8712a60,0x00000000a9100000)
 Metaspace       used 142552K, capacity 152888K, committed 153048K, reserved 1181696K
  class space    used 18128K, capacity 19865K, committed 19968K, reserved 1048576K
Event: 16535.480 GC heap after
Heap after GC invocations=89 (full 7):
 PSYoungGen      total 314368K, used 0K [0x00000000e0000000, 0x00000000f6500000, 0x0000000100000000)
  eden space 264192K, 0% used [0x00000000e0000000,0x00000000e0000000,0x00000000f0200000)
  from space 50176K, 0% used [0x00000000f3400000,0x00000000f3400000,0x00000000f6500000)
  to   space 50688K, 0% used [0x00000000f0200000,0x00000000f0200000,0x00000000f3380000)
 ParOldGen       total 270848K, used 119093K [0x00000000a0000000, 0x00000000b0880000, 0x00000000e0000000)
  object space 270848K, 43% used [0x00000000a0000000,0x00000000a744d7c0,0x00000000b0880000)
 Metaspace       used 142289K, capacity 152156K, committed 153048K, reserved 1181696K
  class space    used 18051K, capacity 19757K, committed 19968K, reserved 1048576K
}
Event: 16535.603 GC heap before
{Heap before GC invocations=90 (full 7):
 PSYoungGen      total 314368K, used 264192K [0x00000000e0000000, 0x00000000f6500000, 0x0000000100000000)
  eden space 264192K, 100% used [0x00000000e0000000,0x00000000f0200000,0x00000000f0200000)
  from space 50176K, 0% used [0x00000000f3400000,0x00000000f3400000,0x00000000f6500000)
  to   space 50688K, 0% used [0x00000000f0200000,0x00000000f0200000,0x00000000f3380000)
 ParOldGen       total 270848K, used 119093K [0x00000000a0000000, 0x00000000b0880000, 0x00000000e0000000)
  object space 270848K, 43% used [0x00000000a0000000,0x00000000a744d7c0,0x00000000b0880000)
 Metaspace       used 142333K, capacity 152156K, committed 153048K, reserved 1181696K
  class space    used 18051K, capacity 19757K, committed 19968K, reserved 1048576K
Event: 16535.608 GC heap after
Heap after GC invocations=90 (full 7):
 PSYoungGen      total 314880K, used 5610K [0x00000000e0000000, 0x00000000f8480000, 0x0000000100000000)
  eden space 264192K, 0% used [0x00000000e0000000,0x00000000e0000000,0x00000000f0200000)
  from space 50688K, 11% used [0x00000000f0200000,0x00000000f077a910,0x00000000f3380000)
  to   space 52736K, 0% used [0x00000000f5100000,0x00000000f5100000,0x00000000f8480000)
 ParOldGen       total 270848K, used 119093K [0x00000000a0000000, 0x00000000b0880000, 0x00000000e0000000)
  object space 270848K, 43% used [0x00000000a0000000,0x00000000a744d7c0,0x00000000b0880000)
 Metaspace       used 142333K, capacity 152156K, committed 153048K, reserved 1181696K
  class space    used 18051K, capacity 19757K, committed 19968K, reserved 1048576K
}
Event: 16535.933 GC heap before
{Heap before GC invocations=91 (full 7):
 PSYoungGen      total 314880K, used 269802K [0x00000000e0000000, 0x00000000f8480000, 0x0000000100000000)
  eden space 264192K, 100% used [0x00000000e0000000,0x00000000f0200000,0x00000000f0200000)
  from space 50688K, 11% used [0x00000000f0200000,0x00000000f077a910,0x00000000f3380000)
  to   space 52736K, 0% used [0x00000000f5100000,0x00000000f5100000,0x00000000f8480000)
 ParOldGen       total 270848K, used 119093K [0x00000000a0000000, 0x00000000b0880000, 0x00000000e0000000)
  object space 270848K, 43% used [0x00000000a0000000,0x00000000a744d7c0,0x00000000b0880000)
 Metaspace       used 142761K, capacity 152686K, committed 153304K, reserved 1183744K
  class space    used 18067K, capacity 19800K, committed 19968K, reserved 1048576K
Event: 16535.938 GC heap after
Heap after GC invocations=91 (full 7):
 PSYoungGen      total 342016K, used 8073K [0x00000000e0000000, 0x00000000f8380000, 0x0000000100000000)
  eden space 290304K, 0% used [0x00000000e0000000,0x00000000e0000000,0x00000000f1b80000)
  from space 51712K, 15% used [0x00000000f5100000,0x00000000f58e2518,0x00000000f8380000)
  to   space 53248K, 0% used [0x00000000f1b80000,0x00000000f1b80000,0x00000000f4f80000)
 ParOldGen       total 270848K, used 119093K [0x00000000a0000000, 0x00000000b0880000, 0x00000000e0000000)
  object space 270848K, 43% used [0x00000000a0000000,0x00000000a744d7c0,0x00000000b0880000)
 Metaspace       used 142761K, capacity 152686K, committed 153304K, reserved 1183744K
  class space    used 18067K, capacity 19800K, committed 19968K, reserved 1048576K
}

Deoptimization events (10 events):
Event: 16535.142 Thread 0x000000001db42000 Uncommon trap: reason=class_check action=maybe_recompile pc=0x0000000007ebffc8 method=com.android.tools.r8.ir.conversion.U.a(Lcom/android/tools/r8/ir/conversion/T;)Z @ 4
Event: 16535.167 Thread 0x000000001db43800 Uncommon trap: reason=unstable_if action=reinterpret pc=0x000000000835220c method=com.android.tools.r8.ir.conversion.N.b(Lcom/android/tools/r8/t/a/a/G/a;)Z @ 27
Event: 16535.233 Thread 0x000000001db43800 Uncommon trap: reason=array_check action=maybe_recompile pc=0x00000000048843b0 method=java.util.TimSort.mergeLo(IIII)V @ 590
Event: 16535.235 Thread 0x000000001db43800 Uncommon trap: reason=array_check action=maybe_recompile pc=0x00000000048844b0 method=java.util.TimSort.mergeLo(IIII)V @ 375
Event: 16535.236 Thread 0x000000001db43800 Uncommon trap: reason=array_check action=maybe_recompile pc=0x00000000048844b0 method=java.util.TimSort.mergeLo(IIII)V @ 375
Event: 16535.593 Thread 0x000000001db4b000 Uncommon trap: reason=class_check action=maybe_recompile pc=0x0000000007ebffc8 method=com.android.tools.r8.ir.conversion.U.a(Lcom/android/tools/r8/ir/conversion/T;)Z @ 4
Event: 16535.622 Thread 0x000000001db49000 Uncommon trap: reason=unstable_if action=reinterpret pc=0x000000000715b3a0 method=com.google.gson.stream.JsonReader.nextString()Ljava/lang/String; @ 6
Event: 16535.906 Thread 0x000000001db3f800 Uncommon trap: reason=unstable_if action=reinterpret pc=0x0000000003639ffc method=java.lang.Long.numberOfTrailingZeros(J)I @ 3
Event: 16536.234 Thread 0x000000001db4b000 Uncommon trap: reason=array_check action=maybe_recompile pc=0x00000000086107e8 method=java.util.TimSort.mergeLo(IIII)V @ 468
Event: 16536.235 Thread 0x000000001db4b000 Uncommon trap: reason=array_check action=maybe_recompile pc=0x00000000086107e8 method=java.util.TimSort.mergeLo(IIII)V @ 468

Classes redefined (0 events):
No events

Internal exceptions (10 events):
Event: 16535.146 Thread 0x000000001db46800 Exception <a 'sun/nio/fs/WindowsException'> (0x00000000e7023a50) thrown at [D:\src\AOSP-openjdk-cygwin\jdk8u\hotspot\src\share\vm\prims\jni.cpp, line 710]
Event: 16535.511 Thread 0x000000001db43800 Exception <a 'sun/nio/fs/WindowsException'> (0x00000000e2c4eee0) thrown at [D:\src\AOSP-openjdk-cygwin\jdk8u\hotspot\src\share\vm\prims\jni.cpp, line 710]
Event: 16535.557 Thread 0x00000000201b2800 Exception <a 'sun/nio/fs/WindowsException'> (0x00000000ea6e2ba0) thrown at [D:\src\AOSP-openjdk-cygwin\jdk8u\hotspot\src\share\vm\prims\jni.cpp, line 710]
Event: 16535.629 Thread 0x000000001db49000 Exception <a 'java/lang/NoSuchMethodError': <clinit>> (0x00000000e1427a28) thrown at [D:\src\AOSP-openjdk-cygwin\jdk8u\hotspot\src\share\vm\prims\jni.cpp, line 1614]
Event: 16535.629 Thread 0x000000001db49000 Exception <a 'java/lang/NoSuchMethodError': <clinit>> (0x00000000e1440cc0) thrown at [D:\src\AOSP-openjdk-cygwin\jdk8u\hotspot\src\share\vm\prims\jni.cpp, line 1614]
Event: 16535.630 Thread 0x000000001db49000 Exception <a 'java/lang/NoSuchMethodError': <clinit>> (0x00000000e1527768) thrown at [D:\src\AOSP-openjdk-cygwin\jdk8u\hotspot\src\share\vm\prims\jni.cpp, line 1614]
Event: 16535.631 Thread 0x000000001db49000 Exception <a 'java/lang/NoSuchMethodError': <clinit>> (0x00000000e16100f8) thrown at [D:\src\AOSP-openjdk-cygwin\jdk8u\hotspot\src\share\vm\prims\jni.cpp, line 1614]
Event: 16535.702 Thread 0x000000001db42000 Exception <a 'sun/nio/fs/WindowsException'> (0x00000000e5fe3600) thrown at [D:\src\AOSP-openjdk-cygwin\jdk8u\hotspot\src\share\vm\prims\jni.cpp, line 710]
Event: 16535.909 Thread 0x000000001db3f800 Exception <a 'sun/nio/fs/WindowsException'> (0x00000000ef877258) thrown at [D:\src\AOSP-openjdk-cygwin\jdk8u\hotspot\src\share\vm\prims\jni.cpp, line 710]
Event: 16536.274 Thread 0x000000001db4b000 Exception <a 'sun/nio/fs/WindowsException'> (0x00000000e9124f18) thrown at [D:\src\AOSP-openjdk-cygwin\jdk8u\hotspot\src\share\vm\prims\jni.cpp, line 710]

Events (10 events):
Event: 16536.246 Thread 0x000000001db4b000 DEOPT PACKING pc=0x0000000008388986 sp=0x000000006ec4cc90
Event: 16536.246 Thread 0x000000001db4b000 DEOPT UNPACKING pc=0x00000000026f75d0 sp=0x000000006ec4ca08 mode 0
Event: 16536.247 Thread 0x000000001db4b000 DEOPT PACKING pc=0x0000000008388986 sp=0x000000006ec4ccb0
Event: 16536.247 Thread 0x000000001db4b000 DEOPT UNPACKING pc=0x00000000026f75d0 sp=0x000000006ec4ca28 mode 0
Event: 16536.248 Thread 0x000000001db4b000 DEOPT PACKING pc=0x0000000008672a59 sp=0x000000006ec4cce0
Event: 16536.248 Thread 0x000000001db4b000 DEOPT UNPACKING pc=0x00000000026f75d0 sp=0x000000006ec4ca50 mode 0
Event: 16536.248 Thread 0x000000001db4b000 DEOPT PACKING pc=0x0000000008388986 sp=0x000000006ec4ccd0
Event: 16536.248 Thread 0x000000001db4b000 DEOPT UNPACKING pc=0x00000000026f75d0 sp=0x000000006ec4ca48 mode 0
Event: 16536.248 Thread 0x000000001db4b000 DEOPT PACKING pc=0x0000000008388986 sp=0x000000006ec4ccd0
Event: 16536.248 Thread 0x000000001db4b000 DEOPT UNPACKING pc=0x00000000026f75d0 sp=0x000000006ec4ca48 mode 0


Dynamic libraries:
0x00007ff697b90000 - 0x00007ff697bc1000 	C:\Program Files\Android\Android Studio\jre\bin\java.exe
0x00007ffb94740000 - 0x00007ffb9492d000 	C:\WINDOWS\SYSTEM32\ntdll.dll
0x00007ffb92ce0000 - 0x00007ffb92d93000 	C:\WINDOWS\System32\KERNEL32.DLL
0x00007ffb90d80000 - 0x00007ffb91013000 	C:\WINDOWS\System32\KERNELBASE.dll
0x00007ffb92a80000 - 0x00007ffb92b23000 	C:\WINDOWS\System32\ADVAPI32.dll
0x00007ffb922a0000 - 0x00007ffb9233e000 	C:\WINDOWS\System32\msvcrt.dll
0x00007ffb92da0000 - 0x00007ffb92e3e000 	C:\WINDOWS\System32\sechost.dll
0x00007ffb92ef0000 - 0x00007ffb93012000 	C:\WINDOWS\System32\RPCRT4.dll
0x00007ffb91970000 - 0x00007ffb91b07000 	C:\WINDOWS\System32\USER32.dll
0x00007ffb909a0000 - 0x00007ffb909c0000 	C:\WINDOWS\System32\win32u.dll
0x00007ffb92530000 - 0x00007ffb92559000 	C:\WINDOWS\System32\GDI32.dll
0x00007ffb90800000 - 0x00007ffb90999000 	C:\WINDOWS\System32\gdi32full.dll
0x00007ffb91120000 - 0x00007ffb911c0000 	C:\WINDOWS\System32\msvcp_win.dll
0x00007ffb909c0000 - 0x00007ffb90aba000 	C:\WINDOWS\System32\ucrtbase.dll
0x00007ffb80790000 - 0x00007ffb80a09000 	C:\WINDOWS\WinSxS\amd64_microsoft.windows.common-controls_6595b64144ccf1df_6.0.17763.802_none_05b1445c0722d2cc\COMCTL32.dll
0x00007ffb92560000 - 0x00007ffb9288c000 	C:\WINDOWS\System32\combase.dll
0x00007ffb90ac0000 - 0x00007ffb90b3e000 	C:\WINDOWS\System32\bcryptPrimitives.dll
0x00007ffb91f90000 - 0x00007ffb91fbe000 	C:\WINDOWS\System32\IMM32.DLL
0x0000000055d40000 - 0x0000000055e12000 	C:\Program Files\Android\Android Studio\jre\jre\bin\msvcr100.dll
0x0000000055f00000 - 0x0000000056746000 	C:\Program Files\Android\Android Studio\jre\jre\bin\server\jvm.dll
0x00007ffb91960000 - 0x00007ffb91968000 	C:\WINDOWS\System32\PSAPI.DLL
0x00007ffb8aee0000 - 0x00007ffb8aeea000 	C:\WINDOWS\SYSTEM32\VERSION.dll
0x00007ffb8d330000 - 0x00007ffb8d339000 	C:\WINDOWS\SYSTEM32\WSOCK32.dll
0x00007ffb8e8d0000 - 0x00007ffb8e8f4000 	C:\WINDOWS\SYSTEM32\WINMM.dll
0x00007ffb921b0000 - 0x00007ffb9221d000 	C:\WINDOWS\System32\WS2_32.dll
0x00007ffb8e7b0000 - 0x00007ffb8e7dd000 	C:\WINDOWS\SYSTEM32\winmmbase.dll
0x00007ffb91910000 - 0x00007ffb9195a000 	C:\WINDOWS\System32\cfgmgr32.dll
0x00007ffb8d000000 - 0x00007ffb8d00f000 	C:\Program Files\Android\Android Studio\jre\jre\bin\verify.dll
0x00007ffb828b0000 - 0x00007ffb828d9000 	C:\Program Files\Android\Android Studio\jre\jre\bin\java.dll
0x00007ffb889c0000 - 0x00007ffb889d6000 	C:\Program Files\Android\Android Studio\jre\jre\bin\zip.dll
0x00007ffb93020000 - 0x00007ffb94514000 	C:\WINDOWS\System32\SHELL32.dll
0x00007ffb92e40000 - 0x00007ffb92ee8000 	C:\WINDOWS\System32\shcore.dll
0x00007ffb911c0000 - 0x00007ffb9190d000 	C:\WINDOWS\System32\windows.storage.dll
0x00007ffb907d0000 - 0x00007ffb907f4000 	C:\WINDOWS\System32\profapi.dll
0x00007ffb90770000 - 0x00007ffb907cd000 	C:\WINDOWS\System32\powrprof.dll
0x00007ffb92950000 - 0x00007ffb929a2000 	C:\WINDOWS\System32\shlwapi.dll
0x00007ffb90750000 - 0x00007ffb90761000 	C:\WINDOWS\System32\kernel.appcore.dll
0x00007ffb91020000 - 0x00007ffb91037000 	C:\WINDOWS\System32\cryptsp.dll
0x00007ffb864e0000 - 0x00007ffb864fa000 	C:\Program Files\Android\Android Studio\jre\jre\bin\net.dll
0x00007ffb8ff40000 - 0x00007ffb8ffa7000 	C:\WINDOWS\system32\mswsock.dll
0x00007ffb82f30000 - 0x00007ffb82f41000 	C:\Program Files\Android\Android Studio\jre\jre\bin\nio.dll
0x00007ffb80e00000 - 0x00007ffb80e26000 	C:\Users\Admin\.gradle\native\29\windows-amd64\native-platform.dll
0x00007ffb8cfb0000 - 0x00007ffb8cfbd000 	C:\Program Files\Android\Android Studio\jre\jre\bin\management.dll
0x00007ffb8fac0000 - 0x00007ffb8faf3000 	C:\WINDOWS\system32\rsaenh.dll
0x00007ffb910f0000 - 0x00007ffb91116000 	C:\WINDOWS\System32\bcrypt.dll
0x00007ffb90630000 - 0x00007ffb90658000 	C:\WINDOWS\SYSTEM32\USERENV.dll
0x00007ffb90110000 - 0x00007ffb9011c000 	C:\WINDOWS\SYSTEM32\CRYPTBASE.dll
0x00007ffb8fc60000 - 0x00007ffb8fc9d000 	C:\WINDOWS\SYSTEM32\IPHLPAPI.DLL
0x00007ffb92890000 - 0x00007ffb92898000 	C:\WINDOWS\System32\NSI.dll
0x00007ffb8bb30000 - 0x00007ffb8bb46000 	C:\WINDOWS\SYSTEM32\dhcpcsvc6.DLL
0x00007ffb8b570000 - 0x00007ffb8b58c000 	C:\WINDOWS\SYSTEM32\dhcpcsvc.DLL
0x00007ffb8fca0000 - 0x00007ffb8fd66000 	C:\WINDOWS\SYSTEM32\DNSAPI.dll
0x00007ffb818b0000 - 0x00007ffb818ce000 	C:\Users\Admin\AppData\Local\Temp\native-platform4063611800602631163dir\native-platform.dll
0x00007ffb81880000 - 0x00007ffb818a4000 	C:\Program Files\Android\Android Studio\jre\jre\bin\sunec.dll
0x00007ffb864a0000 - 0x00007ffb864aa000 	C:\Windows\System32\rasadhlp.dll
0x00007ffb887b0000 - 0x00007ffb88829000 	C:\WINDOWS\System32\fwpuclnt.dll
0x00007ffb893f0000 - 0x00007ffb893fb000 	C:\Program Files\Android\Android Studio\jre\jre\bin\sunmscapi.dll
0x00007ffb90b40000 - 0x00007ffb90d1b000 	C:\WINDOWS\System32\CRYPT32.dll
0x00007ffb90730000 - 0x00007ffb90742000 	C:\WINDOWS\System32\MSASN1.dll
0x00007ffb8ea90000 - 0x00007ffb8eb1c000 	C:\WINDOWS\system32\apphelp.dll

VM Arguments:
jvm_args: -Xmx1536m -Dfile.encoding=windows-1251 -Duser.country=RU -Duser.language=ru -Duser.variant 
java_command: org.gradle.launcher.daemon.bootstrap.GradleDaemon 5.4.1
java_class_path (initial): C:\Users\Admin\.gradle\wrapper\dists\gradle-5.4.1-all\3221gyojl5jsh0helicew7rwx\gradle-5.4.1\lib\gradle-launcher-5.4.1.jar
Launcher Type: SUN_STANDARD

Environment Variables:
PATH=C:\Program Files (x86)\Common Files\Oracle\Java\javapath;c:\Program Files (x86)\NVIDIA Corporation\PhysX\Common;C:\WINDOWS\system32;C:\WINDOWS;C:\WINDOWS\System32\Wbem;C:\WINDOWS\System32\WindowsPowerShell\v1.0\;C:\Program Files (x86)\Bitvise SSH Client;C:\WINDOWS\System32\OpenSSH\;C:\Program Files (x86)\Windows Kits\10\Windows Performance Toolkit\;C:\Program Files\Git\cmd;C:\Program Files\dotnet\;C:\Program Files\nodejs\;C:\Program Files\MATLAB\R2019a\bin;C:\Users\Admin\AppData\Local\Programs\Python\Python37\Scripts\;C:\Users\Admin\AppData\Local\Programs\Python\Python37\;C:\Program Files\MySQL\MySQL Shell 8.0\bin\;C:\Program Files\JetBrains\PyCharm Community Edition 2019.2.2\bin;;C:\Program Files (x86)\GnuWin32\bin;C:\Users\Admin\AppData\Local\Programs\Python\Python37;C:\Users\Admin\AppData\Local\Programs\Python\Python37\Lib\site-packages;C:\Work\Comparer\libecl\lib\python3.7\site-packages;C:\Work\Comparer\libecl\lib\Release;C:\opencv\build\x64\vc14\bin;
USERNAME=Admin
LD_LIBRARY_PATH=C:\Work\Comparer\libecl\lib\Release;
OS=Windows_NT
PROCESSOR_IDENTIFIER=Intel64 Family 6 Model 158 Stepping 10, GenuineIntel



---------------  S Y S T E M  ---------------

OS: Windows 10.0 , 64 bit Build 17763 (10.0.17763.475)

CPU:total 12 (initial active 12) (6 cores per cpu, 2 threads per core) family 6 model 158 stepping 10, cmov, cx8, fxsr, mmx, sse, sse2, sse3, ssse3, sse4.1, sse4.2, popcnt, avx, avx2, aes, clmul, erms, rtm, 3dnowpref, lzcnt, ht, tsc, tscinvbit, bmi1, bmi2, adx

Memory: 4k page, physical 8240464k(519772k free), swap 12434768k(8032k free)

vm_info: OpenJDK 64-Bit Server VM (25.202-b03) for windows-amd64 JRE (1.8.0_202-release-1483-b03), built by "builder" with MS VC++ 10.0 (VS2010)

time: Wed Oct 30 17:35:27 2019
timezone: Томск (зима)
elapsed time: 16536 seconds (0d 4h 35m 36s)

